2025-08-21T12:27:04.216411Z [info     ] Using systemdb state backend
2025-08-21T12:27:04.217483Z [warning  ] No state was found, complete import.
2025-08-21T12:27:04.787696Z [info     ] tap-github v1.21.0, Meltano SDK v0.48.0 cmd_type=elb consumer=False job_name=dev:tap-github-to-target-jsonl name=tap-github producer=True run_id=8d2d7707-019f-4bf6-8bb7-712bd801fed6 stdio=stderr string_id=tap-github
2025-08-21T12:27:04.789542Z [info     ] Skipping parse of env var settings... cmd_type=elb consumer=False job_name=dev:tap-github-to-target-jsonl name=tap-github producer=True run_id=8d2d7707-019f-4bf6-8bb7-712bd801fed6 stdio=stderr string_id=tap-github
2025-08-21T12:27:04.809975Z [info     ] The stream 'stargazers' might conflict with previous implementation. Looking for the older version? Use 'stargazers_rest'. cmd_type=elb consumer=False job_name=dev:tap-github-to-target-jsonl name=tap-github producer=True run_id=8d2d7707-019f-4bf6-8bb7-712bd801fed6 stdio=stderr string_id=tap-github
2025-08-21T12:27:04.810225Z [info     ] The stream 'stargazers_rest' is deprecated. Please use the Graphql version instead: 'stargazers'. cmd_type=elb consumer=False job_name=dev:tap-github-to-target-jsonl name=tap-github producer=True run_id=8d2d7707-019f-4bf6-8bb7-712bd801fed6 stdio=stderr string_id=tap-github
2025-08-21T12:27:04.810488Z [info     ] Added 'anonymous_contributors' as child stream to 'repositories' cmd_type=elb consumer=False job_name=dev:tap-github-to-target-jsonl name=tap-github producer=True run_id=8d2d7707-019f-4bf6-8bb7-712bd801fed6 stdio=stderr string_id=tap-github
2025-08-21T12:27:04.810697Z [info     ] Added 'assignees' as child stream to 'repositories' cmd_type=elb consumer=False job_name=dev:tap-github-to-target-jsonl name=tap-github producer=True run_id=8d2d7707-019f-4bf6-8bb7-712bd801fed6 stdio=stderr string_id=tap-github
2025-08-21T12:27:04.810824Z [info     ] Added 'branches' as child stream to 'repositories' cmd_type=elb consumer=False job_name=dev:tap-github-to-target-jsonl name=tap-github producer=True run_id=8d2d7707-019f-4bf6-8bb7-712bd801fed6 stdio=stderr string_id=tap-github
2025-08-21T12:27:04.810926Z [info     ] Added 'collaborators' as child stream to 'repositories' cmd_type=elb consumer=False job_name=dev:tap-github-to-target-jsonl name=tap-github producer=True run_id=8d2d7707-019f-4bf6-8bb7-712bd801fed6 stdio=stderr string_id=tap-github
2025-08-21T12:27:04.811066Z [info     ] Added 'commit_comments' as child stream to 'repositories' cmd_type=elb consumer=False job_name=dev:tap-github-to-target-jsonl name=tap-github producer=True run_id=8d2d7707-019f-4bf6-8bb7-712bd801fed6 stdio=stderr string_id=tap-github
2025-08-21T12:27:04.811170Z [info     ] Added 'commits' as child stream to 'repositories' cmd_type=elb consumer=False job_name=dev:tap-github-to-target-jsonl name=tap-github producer=True run_id=8d2d7707-019f-4bf6-8bb7-712bd801fed6 stdio=stderr string_id=tap-github
2025-08-21T12:27:04.811301Z [info     ] Added 'commit_diffs' as child stream to 'commits' cmd_type=elb consumer=False job_name=dev:tap-github-to-target-jsonl name=tap-github producer=True run_id=8d2d7707-019f-4bf6-8bb7-712bd801fed6 stdio=stderr string_id=tap-github
2025-08-21T12:27:04.811428Z [info     ] Added 'community_profile' as child stream to 'repositories' cmd_type=elb consumer=False job_name=dev:tap-github-to-target-jsonl name=tap-github producer=True run_id=8d2d7707-019f-4bf6-8bb7-712bd801fed6 stdio=stderr string_id=tap-github
2025-08-21T12:27:04.811579Z [info     ] Added 'contributors' as child stream to 'repositories' cmd_type=elb consumer=False job_name=dev:tap-github-to-target-jsonl name=tap-github producer=True run_id=8d2d7707-019f-4bf6-8bb7-712bd801fed6 stdio=stderr string_id=tap-github
2025-08-21T12:27:04.811679Z [info     ] Added 'dependencies' as child stream to 'repositories' cmd_type=elb consumer=False job_name=dev:tap-github-to-target-jsonl name=tap-github producer=True run_id=8d2d7707-019f-4bf6-8bb7-712bd801fed6 stdio=stderr string_id=tap-github
2025-08-21T12:27:04.811767Z [info     ] Added 'dependents' as child stream to 'repositories' cmd_type=elb consumer=False job_name=dev:tap-github-to-target-jsonl name=tap-github producer=True run_id=8d2d7707-019f-4bf6-8bb7-712bd801fed6 stdio=stderr string_id=tap-github
2025-08-21T12:27:04.811868Z [info     ] Added 'deployments' as child stream to 'repositories' cmd_type=elb consumer=False job_name=dev:tap-github-to-target-jsonl name=tap-github producer=True run_id=8d2d7707-019f-4bf6-8bb7-712bd801fed6 stdio=stderr string_id=tap-github
2025-08-21T12:27:04.811962Z [info     ] Added 'deployment_statuses' as child stream to 'deployments' cmd_type=elb consumer=False job_name=dev:tap-github-to-target-jsonl name=tap-github producer=True run_id=8d2d7707-019f-4bf6-8bb7-712bd801fed6 stdio=stderr string_id=tap-github
2025-08-21T12:27:04.812062Z [info     ] Added 'discussions' as child stream to 'repositories' cmd_type=elb consumer=False job_name=dev:tap-github-to-target-jsonl name=tap-github producer=True run_id=8d2d7707-019f-4bf6-8bb7-712bd801fed6 stdio=stderr string_id=tap-github
2025-08-21T12:27:04.812159Z [info     ] Added 'discussion_categories' as child stream to 'repositories' cmd_type=elb consumer=False job_name=dev:tap-github-to-target-jsonl name=tap-github producer=True run_id=8d2d7707-019f-4bf6-8bb7-712bd801fed6 stdio=stderr string_id=tap-github
2025-08-21T12:27:04.812269Z [info     ] Added 'discussion_comments' as child stream to 'discussions' cmd_type=elb consumer=False job_name=dev:tap-github-to-target-jsonl name=tap-github producer=True run_id=8d2d7707-019f-4bf6-8bb7-712bd801fed6 stdio=stderr string_id=tap-github
2025-08-21T12:27:04.812417Z [info     ] Added 'discussion_comment_replies' as child stream to 'discussions' cmd_type=elb consumer=False job_name=dev:tap-github-to-target-jsonl name=tap-github producer=True run_id=8d2d7707-019f-4bf6-8bb7-712bd801fed6 stdio=stderr string_id=tap-github
2025-08-21T12:27:04.812602Z [info     ] Added 'events' as child stream to 'repositories' cmd_type=elb consumer=False job_name=dev:tap-github-to-target-jsonl name=tap-github producer=True run_id=8d2d7707-019f-4bf6-8bb7-712bd801fed6 stdio=stderr string_id=tap-github
2025-08-21T12:27:04.812733Z [info     ] Added 'issue_comments' as child stream to 'repositories' cmd_type=elb consumer=False job_name=dev:tap-github-to-target-jsonl name=tap-github producer=True run_id=8d2d7707-019f-4bf6-8bb7-712bd801fed6 stdio=stderr string_id=tap-github
2025-08-21T12:27:04.812828Z [info     ] Added 'issue_events' as child stream to 'repositories' cmd_type=elb consumer=False job_name=dev:tap-github-to-target-jsonl name=tap-github producer=True run_id=8d2d7707-019f-4bf6-8bb7-712bd801fed6 stdio=stderr string_id=tap-github
2025-08-21T12:27:04.812948Z [info     ] Added 'issues' as child stream to 'repositories' cmd_type=elb consumer=False job_name=dev:tap-github-to-target-jsonl name=tap-github producer=True run_id=8d2d7707-019f-4bf6-8bb7-712bd801fed6 stdio=stderr string_id=tap-github
2025-08-21T12:27:04.813042Z [info     ] Added 'labels' as child stream to 'repositories' cmd_type=elb consumer=False job_name=dev:tap-github-to-target-jsonl name=tap-github producer=True run_id=8d2d7707-019f-4bf6-8bb7-712bd801fed6 stdio=stderr string_id=tap-github
2025-08-21T12:27:04.813282Z [info     ] Added 'languages' as child stream to 'repositories' cmd_type=elb consumer=False job_name=dev:tap-github-to-target-jsonl name=tap-github producer=True run_id=8d2d7707-019f-4bf6-8bb7-712bd801fed6 stdio=stderr string_id=tap-github
2025-08-21T12:27:04.813396Z [info     ] Added 'milestones' as child stream to 'repositories' cmd_type=elb consumer=False job_name=dev:tap-github-to-target-jsonl name=tap-github producer=True run_id=8d2d7707-019f-4bf6-8bb7-712bd801fed6 stdio=stderr string_id=tap-github
2025-08-21T12:27:04.813508Z [info     ] Added 'pull_request_commits' as child stream to 'pull_requests' cmd_type=elb consumer=False job_name=dev:tap-github-to-target-jsonl name=tap-github producer=True run_id=8d2d7707-019f-4bf6-8bb7-712bd801fed6 stdio=stderr string_id=tap-github
2025-08-21T12:27:04.813716Z [info     ] Added 'pull_request_commit_diffs' as child stream to 'pull_request_commits' cmd_type=elb consumer=False job_name=dev:tap-github-to-target-jsonl name=tap-github producer=True run_id=8d2d7707-019f-4bf6-8bb7-712bd801fed6 stdio=stderr string_id=tap-github
2025-08-21T12:27:04.813934Z [info     ] Added 'pull_request_diffs' as child stream to 'pull_requests' cmd_type=elb consumer=False job_name=dev:tap-github-to-target-jsonl name=tap-github producer=True run_id=8d2d7707-019f-4bf6-8bb7-712bd801fed6 stdio=stderr string_id=tap-github
2025-08-21T12:27:04.814029Z [info     ] Added 'pull_requests' as child stream to 'repositories' cmd_type=elb consumer=False job_name=dev:tap-github-to-target-jsonl name=tap-github producer=True run_id=8d2d7707-019f-4bf6-8bb7-712bd801fed6 stdio=stderr string_id=tap-github
2025-08-21T12:27:04.814120Z [info     ] Added 'readme_html' as child stream to 'repositories' cmd_type=elb consumer=False job_name=dev:tap-github-to-target-jsonl name=tap-github producer=True run_id=8d2d7707-019f-4bf6-8bb7-712bd801fed6 stdio=stderr string_id=tap-github
2025-08-21T12:27:04.814217Z [info     ] Added 'readme' as child stream to 'repositories' cmd_type=elb consumer=False job_name=dev:tap-github-to-target-jsonl name=tap-github producer=True run_id=8d2d7707-019f-4bf6-8bb7-712bd801fed6 stdio=stderr string_id=tap-github
2025-08-21T12:27:04.814318Z [info     ] Added 'releases' as child stream to 'repositories' cmd_type=elb consumer=False job_name=dev:tap-github-to-target-jsonl name=tap-github producer=True run_id=8d2d7707-019f-4bf6-8bb7-712bd801fed6 stdio=stderr string_id=tap-github
2025-08-21T12:27:04.814416Z [info     ] Added 'extra_metrics' as child stream to 'repositories' cmd_type=elb consumer=False job_name=dev:tap-github-to-target-jsonl name=tap-github producer=True run_id=8d2d7707-019f-4bf6-8bb7-712bd801fed6 stdio=stderr string_id=tap-github
2025-08-21T12:27:04.814510Z [info     ] Added 'review_comments' as child stream to 'repositories' cmd_type=elb consumer=False job_name=dev:tap-github-to-target-jsonl name=tap-github producer=True run_id=8d2d7707-019f-4bf6-8bb7-712bd801fed6 stdio=stderr string_id=tap-github
2025-08-21T12:27:04.814605Z [info     ] Added 'reviews' as child stream to 'pull_requests' cmd_type=elb consumer=False job_name=dev:tap-github-to-target-jsonl name=tap-github producer=True run_id=8d2d7707-019f-4bf6-8bb7-712bd801fed6 stdio=stderr string_id=tap-github
2025-08-21T12:27:04.814701Z [info     ] Added 'stargazers' as child stream to 'repositories' cmd_type=elb consumer=False job_name=dev:tap-github-to-target-jsonl name=tap-github producer=True run_id=8d2d7707-019f-4bf6-8bb7-712bd801fed6 stdio=stderr string_id=tap-github
2025-08-21T12:27:04.814787Z [info     ] Added 'stargazers_rest' as child stream to 'repositories' cmd_type=elb consumer=False job_name=dev:tap-github-to-target-jsonl name=tap-github producer=True run_id=8d2d7707-019f-4bf6-8bb7-712bd801fed6 stdio=stderr string_id=tap-github
2025-08-21T12:27:04.814882Z [info     ] Added 'stats_contributors' as child stream to 'repositories' cmd_type=elb consumer=False job_name=dev:tap-github-to-target-jsonl name=tap-github producer=True run_id=8d2d7707-019f-4bf6-8bb7-712bd801fed6 stdio=stderr string_id=tap-github
2025-08-21T12:27:04.814973Z [info     ] Added 'tags' as child stream to 'repositories' cmd_type=elb consumer=False job_name=dev:tap-github-to-target-jsonl name=tap-github producer=True run_id=8d2d7707-019f-4bf6-8bb7-712bd801fed6 stdio=stderr string_id=tap-github
2025-08-21T12:27:04.815067Z [info     ] Added 'traffic_clones' as child stream to 'repositories' cmd_type=elb consumer=False job_name=dev:tap-github-to-target-jsonl name=tap-github producer=True run_id=8d2d7707-019f-4bf6-8bb7-712bd801fed6 stdio=stderr string_id=tap-github
2025-08-21T12:27:04.815156Z [info     ] Added 'traffic_pageviews' as child stream to 'repositories' cmd_type=elb consumer=False job_name=dev:tap-github-to-target-jsonl name=tap-github producer=True run_id=8d2d7707-019f-4bf6-8bb7-712bd801fed6 stdio=stderr string_id=tap-github
2025-08-21T12:27:04.815253Z [info     ] Added 'traffic_referral_paths' as child stream to 'repositories' cmd_type=elb consumer=False job_name=dev:tap-github-to-target-jsonl name=tap-github producer=True run_id=8d2d7707-019f-4bf6-8bb7-712bd801fed6 stdio=stderr string_id=tap-github
2025-08-21T12:27:04.815346Z [info     ] Added 'traffic_referrers' as child stream to 'repositories' cmd_type=elb consumer=False job_name=dev:tap-github-to-target-jsonl name=tap-github producer=True run_id=8d2d7707-019f-4bf6-8bb7-712bd801fed6 stdio=stderr string_id=tap-github
2025-08-21T12:27:04.815439Z [info     ] Added 'workflow_run_jobs' as child stream to 'workflow_runs' cmd_type=elb consumer=False job_name=dev:tap-github-to-target-jsonl name=tap-github producer=True run_id=8d2d7707-019f-4bf6-8bb7-712bd801fed6 stdio=stderr string_id=tap-github
2025-08-21T12:27:04.815532Z [info     ] Added 'workflow_runs' as child stream to 'repositories' cmd_type=elb consumer=False job_name=dev:tap-github-to-target-jsonl name=tap-github producer=True run_id=8d2d7707-019f-4bf6-8bb7-712bd801fed6 stdio=stderr string_id=tap-github
2025-08-21T12:27:04.815615Z [info     ] Added 'workflows' as child stream to 'repositories' cmd_type=elb consumer=False job_name=dev:tap-github-to-target-jsonl name=tap-github producer=True run_id=8d2d7707-019f-4bf6-8bb7-712bd801fed6 stdio=stderr string_id=tap-github
2025-08-21T12:27:04.819144Z [info     ] Stream descendent 'releases' is selected and its parent 'repositories' does not use inclusive replication keys. Forcing full table replication for 'repositories'. cmd_type=elb consumer=False job_name=dev:tap-github-to-target-jsonl name=tap-github producer=True run_id=8d2d7707-019f-4bf6-8bb7-712bd801fed6 stdio=stderr string_id=tap-github
2025-08-21T12:27:04.819456Z [info     ] Skipping deselected stream 'anonymous_contributors'. cmd_type=elb consumer=False job_name=dev:tap-github-to-target-jsonl name=tap-github producer=True run_id=8d2d7707-019f-4bf6-8bb7-712bd801fed6 stdio=stderr string_id=tap-github
2025-08-21T12:27:04.819548Z [info     ] Skipping deselected stream 'assignees'. cmd_type=elb consumer=False job_name=dev:tap-github-to-target-jsonl name=tap-github producer=True run_id=8d2d7707-019f-4bf6-8bb7-712bd801fed6 stdio=stderr string_id=tap-github
2025-08-21T12:27:04.819678Z [info     ] Skipping deselected stream 'branches'. cmd_type=elb consumer=False job_name=dev:tap-github-to-target-jsonl name=tap-github producer=True run_id=8d2d7707-019f-4bf6-8bb7-712bd801fed6 stdio=stderr string_id=tap-github
2025-08-21T12:27:04.819764Z [info     ] Skipping deselected stream 'collaborators'. cmd_type=elb consumer=False job_name=dev:tap-github-to-target-jsonl name=tap-github producer=True run_id=8d2d7707-019f-4bf6-8bb7-712bd801fed6 stdio=stderr string_id=tap-github
2025-08-21T12:27:04.819843Z [info     ] Skipping deselected stream 'commit_comments'. cmd_type=elb consumer=False job_name=dev:tap-github-to-target-jsonl name=tap-github producer=True run_id=8d2d7707-019f-4bf6-8bb7-712bd801fed6 stdio=stderr string_id=tap-github
2025-08-21T12:27:04.819922Z [info     ] Skipping deselected stream 'commit_diffs'. cmd_type=elb consumer=False job_name=dev:tap-github-to-target-jsonl name=tap-github producer=True run_id=8d2d7707-019f-4bf6-8bb7-712bd801fed6 stdio=stderr string_id=tap-github
2025-08-21T12:27:04.820000Z [info     ] Skipping deselected stream 'commits'. cmd_type=elb consumer=False job_name=dev:tap-github-to-target-jsonl name=tap-github producer=True run_id=8d2d7707-019f-4bf6-8bb7-712bd801fed6 stdio=stderr string_id=tap-github
2025-08-21T12:27:04.820080Z [info     ] Skipping deselected stream 'community_profile'. cmd_type=elb consumer=False job_name=dev:tap-github-to-target-jsonl name=tap-github producer=True run_id=8d2d7707-019f-4bf6-8bb7-712bd801fed6 stdio=stderr string_id=tap-github
2025-08-21T12:27:04.820157Z [info     ] Skipping deselected stream 'contributors'. cmd_type=elb consumer=False job_name=dev:tap-github-to-target-jsonl name=tap-github producer=True run_id=8d2d7707-019f-4bf6-8bb7-712bd801fed6 stdio=stderr string_id=tap-github
2025-08-21T12:27:04.820234Z [info     ] Skipping deselected stream 'dependencies'. cmd_type=elb consumer=False job_name=dev:tap-github-to-target-jsonl name=tap-github producer=True run_id=8d2d7707-019f-4bf6-8bb7-712bd801fed6 stdio=stderr string_id=tap-github
2025-08-21T12:27:04.820332Z [info     ] Skipping deselected stream 'dependents'. cmd_type=elb consumer=False job_name=dev:tap-github-to-target-jsonl name=tap-github producer=True run_id=8d2d7707-019f-4bf6-8bb7-712bd801fed6 stdio=stderr string_id=tap-github
2025-08-21T12:27:04.820456Z [info     ] Skipping deselected stream 'deployment_statuses'. cmd_type=elb consumer=False job_name=dev:tap-github-to-target-jsonl name=tap-github producer=True run_id=8d2d7707-019f-4bf6-8bb7-712bd801fed6 stdio=stderr string_id=tap-github
2025-08-21T12:27:04.820537Z [info     ] Skipping deselected stream 'deployments'. cmd_type=elb consumer=False job_name=dev:tap-github-to-target-jsonl name=tap-github producer=True run_id=8d2d7707-019f-4bf6-8bb7-712bd801fed6 stdio=stderr string_id=tap-github
2025-08-21T12:27:04.820614Z [info     ] Skipping deselected stream 'discussion_categories'. cmd_type=elb consumer=False job_name=dev:tap-github-to-target-jsonl name=tap-github producer=True run_id=8d2d7707-019f-4bf6-8bb7-712bd801fed6 stdio=stderr string_id=tap-github
2025-08-21T12:27:04.820690Z [info     ] Skipping deselected stream 'discussion_comment_replies'. cmd_type=elb consumer=False job_name=dev:tap-github-to-target-jsonl name=tap-github producer=True run_id=8d2d7707-019f-4bf6-8bb7-712bd801fed6 stdio=stderr string_id=tap-github
2025-08-21T12:27:04.820793Z [info     ] Skipping deselected stream 'discussion_comments'. cmd_type=elb consumer=False job_name=dev:tap-github-to-target-jsonl name=tap-github producer=True run_id=8d2d7707-019f-4bf6-8bb7-712bd801fed6 stdio=stderr string_id=tap-github
2025-08-21T12:27:04.820896Z [info     ] Skipping deselected stream 'discussions'. cmd_type=elb consumer=False job_name=dev:tap-github-to-target-jsonl name=tap-github producer=True run_id=8d2d7707-019f-4bf6-8bb7-712bd801fed6 stdio=stderr string_id=tap-github
2025-08-21T12:27:04.821010Z [info     ] Skipping deselected stream 'events'. cmd_type=elb consumer=False job_name=dev:tap-github-to-target-jsonl name=tap-github producer=True run_id=8d2d7707-019f-4bf6-8bb7-712bd801fed6 stdio=stderr string_id=tap-github
2025-08-21T12:27:04.821093Z [info     ] Skipping deselected stream 'extra_metrics'. cmd_type=elb consumer=False job_name=dev:tap-github-to-target-jsonl name=tap-github producer=True run_id=8d2d7707-019f-4bf6-8bb7-712bd801fed6 stdio=stderr string_id=tap-github
2025-08-21T12:27:04.821189Z [info     ] Skipping deselected stream 'issue_comments'. cmd_type=elb consumer=False job_name=dev:tap-github-to-target-jsonl name=tap-github producer=True run_id=8d2d7707-019f-4bf6-8bb7-712bd801fed6 stdio=stderr string_id=tap-github
2025-08-21T12:27:04.821267Z [info     ] Skipping deselected stream 'issue_events'. cmd_type=elb consumer=False job_name=dev:tap-github-to-target-jsonl name=tap-github producer=True run_id=8d2d7707-019f-4bf6-8bb7-712bd801fed6 stdio=stderr string_id=tap-github
2025-08-21T12:27:04.821346Z [info     ] Skipping deselected stream 'issues'. cmd_type=elb consumer=False job_name=dev:tap-github-to-target-jsonl name=tap-github producer=True run_id=8d2d7707-019f-4bf6-8bb7-712bd801fed6 stdio=stderr string_id=tap-github
2025-08-21T12:27:04.821423Z [info     ] Skipping deselected stream 'labels'. cmd_type=elb consumer=False job_name=dev:tap-github-to-target-jsonl name=tap-github producer=True run_id=8d2d7707-019f-4bf6-8bb7-712bd801fed6 stdio=stderr string_id=tap-github
2025-08-21T12:27:04.821501Z [info     ] Skipping deselected stream 'languages'. cmd_type=elb consumer=False job_name=dev:tap-github-to-target-jsonl name=tap-github producer=True run_id=8d2d7707-019f-4bf6-8bb7-712bd801fed6 stdio=stderr string_id=tap-github
2025-08-21T12:27:04.821578Z [info     ] Skipping deselected stream 'milestones'. cmd_type=elb consumer=False job_name=dev:tap-github-to-target-jsonl name=tap-github producer=True run_id=8d2d7707-019f-4bf6-8bb7-712bd801fed6 stdio=stderr string_id=tap-github
2025-08-21T12:27:04.821656Z [info     ] Skipping deselected stream 'pull_request_commit_diffs'. cmd_type=elb consumer=False job_name=dev:tap-github-to-target-jsonl name=tap-github producer=True run_id=8d2d7707-019f-4bf6-8bb7-712bd801fed6 stdio=stderr string_id=tap-github
2025-08-21T12:27:04.821739Z [info     ] Skipping deselected stream 'pull_request_commits'. cmd_type=elb consumer=False job_name=dev:tap-github-to-target-jsonl name=tap-github producer=True run_id=8d2d7707-019f-4bf6-8bb7-712bd801fed6 stdio=stderr string_id=tap-github
2025-08-21T12:27:04.821817Z [info     ] Skipping deselected stream 'pull_request_diffs'. cmd_type=elb consumer=False job_name=dev:tap-github-to-target-jsonl name=tap-github producer=True run_id=8d2d7707-019f-4bf6-8bb7-712bd801fed6 stdio=stderr string_id=tap-github
2025-08-21T12:27:04.821894Z [info     ] Skipping deselected stream 'pull_requests'. cmd_type=elb consumer=False job_name=dev:tap-github-to-target-jsonl name=tap-github producer=True run_id=8d2d7707-019f-4bf6-8bb7-712bd801fed6 stdio=stderr string_id=tap-github
2025-08-21T12:27:04.821970Z [info     ] Skipping deselected stream 'readme'. cmd_type=elb consumer=False job_name=dev:tap-github-to-target-jsonl name=tap-github producer=True run_id=8d2d7707-019f-4bf6-8bb7-712bd801fed6 stdio=stderr string_id=tap-github
2025-08-21T12:27:04.822047Z [info     ] Skipping deselected stream 'readme_html'. cmd_type=elb consumer=False job_name=dev:tap-github-to-target-jsonl name=tap-github producer=True run_id=8d2d7707-019f-4bf6-8bb7-712bd801fed6 stdio=stderr string_id=tap-github
2025-08-21T12:27:04.822124Z [info     ] Beginning full_table sync of 'repositories' cmd_type=elb consumer=False job_name=dev:tap-github-to-target-jsonl name=tap-github producer=True run_id=8d2d7707-019f-4bf6-8bb7-712bd801fed6 stdio=stderr string_id=tap-github
2025-08-21T12:27:04.822202Z [info     ] Filtering repository list of 1 repositories cmd_type=elb consumer=False job_name=dev:tap-github-to-target-jsonl name=tap-github producer=True run_id=8d2d7707-019f-4bf6-8bb7-712bd801fed6 stdio=stderr string_id=tap-github
2025-08-21T12:27:04.822351Z [info     ] /Users/alexfoo/Documents/NTU_DSAI/5m-data-2.6-data-pipelines-orchestration/meltano-injestion/.meltano/extractors/tap-github/venv/lib/python3.10/site-packages/singer_sdk/streams/rest.py:449: DeprecationWarning: `RESTStream.get_next_page_token` is deprecated and will not be used in a future version of the Meltano Singer SDK. Override `RESTStream.get_new_paginator` instead. cmd_type=elb consumer=False job_name=dev:tap-github-to-target-jsonl name=tap-github producer=True run_id=8d2d7707-019f-4bf6-8bb7-712bd801fed6 stdio=stderr string_id=tap-github
2025-08-21T12:27:04.822444Z [info     ]   paginator = self.get_new_paginator() or SinglePagePaginator() cmd_type=elb consumer=False job_name=dev:tap-github-to-target-jsonl name=tap-github producer=True run_id=8d2d7707-019f-4bf6-8bb7-712bd801fed6 stdio=stderr string_id=tap-github
2025-08-21T12:27:04.822524Z [info     ]                                cmd_type=elb consumer=False job_name=dev:tap-github-to-target-jsonl name=tap-github producer=True run_id=8d2d7707-019f-4bf6-8bb7-712bd801fed6 stdio=stderr string_id=tap-github
2025-08-21T12:27:05.197186Z [info     ] Tap will run with 1 personal auth tokens and 0 app keys. cmd_type=elb consumer=False job_name=dev:tap-github-to-target-jsonl name=tap-github producer=True run_id=8d2d7707-019f-4bf6-8bb7-712bd801fed6 stdio=stderr string_id=tap-github
2025-08-21T12:27:05.649391Z [info     ] METRIC: {"type": "timer", "metric": "http_request_duration", "value": 0.450673, "tags": {"stream": "tempStream", "endpoint": "", "http_status_code": 200, "status": "succeeded"}} cmd_type=elb consumer=False job_name=dev:tap-github-to-target-jsonl name=tap-github producer=True run_id=8d2d7707-019f-4bf6-8bb7-712bd801fed6 stdio=stderr string_id=tap-github
2025-08-21T12:27:05.677791Z [info     ] JSONPath $.data.rateLimit.cost match count: 1 cmd_type=elb consumer=False job_name=dev:tap-github-to-target-jsonl name=tap-github producer=True run_id=8d2d7707-019f-4bf6-8bb7-712bd801fed6 stdio=stderr string_id=tap-github
2025-08-21T12:27:05.699158Z [info     ] JSONPath $.data.[*] match count: 1 cmd_type=elb consumer=False job_name=dev:tap-github-to-target-jsonl name=tap-github producer=True run_id=8d2d7707-019f-4bf6-8bb7-712bd801fed6 stdio=stderr string_id=tap-github
2025-08-21T12:27:05.699453Z [info     ] METRIC: {"type": "counter", "metric": "http_request_count", "value": 1, "tags": {"stream": "tempStream", "endpoint": "", "pid": 60484, "context": {}}} cmd_type=elb consumer=False job_name=dev:tap-github-to-target-jsonl name=tap-github producer=True run_id=8d2d7707-019f-4bf6-8bb7-712bd801fed6 stdio=stderr string_id=tap-github
2025-08-21T12:27:05.699578Z [info     ] Running the tap on 1 repositories cmd_type=elb consumer=False job_name=dev:tap-github-to-target-jsonl name=tap-github producer=True run_id=8d2d7707-019f-4bf6-8bb7-712bd801fed6 stdio=stderr string_id=tap-github
2025-08-21T12:27:05.699842Z [info     ] Running the tap on 1 repositories cmd_type=elb consumer=False job_name=dev:tap-github-to-target-jsonl name=tap-github producer=True run_id=8d2d7707-019f-4bf6-8bb7-712bd801fed6 stdio=stderr string_id=tap-github
2025-08-21T12:27:06.091989Z [info     ] Tap will run with 1 personal auth tokens and 0 app keys. cmd_type=elb consumer=False job_name=dev:tap-github-to-target-jsonl name=tap-github producer=True run_id=8d2d7707-019f-4bf6-8bb7-712bd801fed6 stdio=stderr string_id=tap-github
2025-08-21T12:27:06.550749Z [info     ] METRIC: {"type": "timer", "metric": "http_request_duration", "value": 0.456434, "tags": {"stream": "repositories", "endpoint": "/repos/{org}/{repo}", "http_status_code": 200, "status": "succeeded", "context": {"org": "pandas-dev", "repo": "pandas", "repo_id": 858127}}} cmd_type=elb consumer=False job_name=dev:tap-github-to-target-jsonl name=tap-github producer=True run_id=8d2d7707-019f-4bf6-8bb7-712bd801fed6 stdio=stderr string_id=tap-github
2025-08-21T12:27:06.551378Z [info     ] Beginning incremental sync of 'releases' with context: {'org': 'pandas-dev', 'repo': 'pandas', 'repo_id': 858127, 'has_discussions': False} cmd_type=elb consumer=False job_name=dev:tap-github-to-target-jsonl name=tap-github producer=True run_id=8d2d7707-019f-4bf6-8bb7-712bd801fed6 stdio=stderr string_id=tap-github
2025-08-21T12:27:06.551943Z [info     ] Starting incremental sync with bookmark value: None cmd_type=elb consumer=False job_name=dev:tap-github-to-target-jsonl name=tap-github producer=True run_id=8d2d7707-019f-4bf6-8bb7-712bd801fed6 stdio=stderr string_id=tap-github
2025-08-21T12:27:06.889030Z [info     ] Tap will run with 1 personal auth tokens and 0 app keys. cmd_type=elb consumer=False job_name=dev:tap-github-to-target-jsonl name=tap-github producer=True run_id=8d2d7707-019f-4bf6-8bb7-712bd801fed6 stdio=stderr string_id=tap-github
2025-08-21T12:27:07.683467Z [info     ] METRIC: {"type": "timer", "metric": "http_request_duration", "value": 0.777832, "tags": {"stream": "releases", "endpoint": "/repos/{org}/{repo}/releases", "http_status_code": 200, "status": "succeeded", "context": {"org": "pandas-dev", "repo": "pandas", "repo_id": 858127, "has_discussions": false}}} cmd_type=elb consumer=False job_name=dev:tap-github-to-target-jsonl name=tap-github producer=True run_id=8d2d7707-019f-4bf6-8bb7-712bd801fed6 stdio=stderr string_id=tap-github
2025-08-21T12:27:07.690990Z [info     ] Properties ('immutable', 'updated_at', 'reactions') were present in the 'releases' stream but not found in catalog schema. Ignoring. cmd_type=elb consumer=False job_name=dev:tap-github-to-target-jsonl name=tap-github producer=True run_id=8d2d7707-019f-4bf6-8bb7-712bd801fed6 stdio=stderr string_id=tap-github
2025-08-21T12:27:07.691638Z [info     ] Stream is assumed to be unsorted, progress is not resumable if interrupted cmd_type=elb consumer=False job_name=dev:tap-github-to-target-jsonl name=tap-github producer=True run_id=8d2d7707-019f-4bf6-8bb7-712bd801fed6 stdio=stderr string_id=tap-github
2025-08-21T12:27:07.693221Z [info     ] Properties ('immutable', 'updated_at') were present in the 'releases' stream but not found in catalog schema. Ignoring. cmd_type=elb consumer=False job_name=dev:tap-github-to-target-jsonl name=tap-github producer=True run_id=8d2d7707-019f-4bf6-8bb7-712bd801fed6 stdio=stderr string_id=tap-github
2025-08-21T12:27:08.183172Z [info     ] METRIC: {"type": "timer", "metric": "http_request_duration", "value": 0.480834, "tags": {"stream": "releases", "endpoint": "/repos/{org}/{repo}/releases", "http_status_code": 200, "status": "succeeded", "context": {"org": "pandas-dev", "repo": "pandas", "repo_id": 858127, "has_discussions": false}}} cmd_type=elb consumer=False job_name=dev:tap-github-to-target-jsonl name=tap-github producer=True run_id=8d2d7707-019f-4bf6-8bb7-712bd801fed6 stdio=stderr string_id=tap-github
2025-08-21T12:27:08.188401Z [info     ] METRIC: {"type": "counter", "metric": "http_request_count", "value": 2, "tags": {"stream": "releases", "endpoint": "/repos/{org}/{repo}/releases", "pid": 60484, "context": {"org": "pandas-dev", "repo": "pandas", "repo_id": 858127, "has_discussions": false}}} cmd_type=elb consumer=False job_name=dev:tap-github-to-target-jsonl name=tap-github producer=True run_id=8d2d7707-019f-4bf6-8bb7-712bd801fed6 stdio=stderr string_id=tap-github
2025-08-21T12:27:08.189000Z [info     ] METRIC: {"type": "timer", "metric": "sync_duration", "value": 1.6365609169006348, "tags": {"stream": "releases", "pid": 60484, "context": {"org": "pandas-dev", "repo": "pandas", "repo_id": 858127, "has_discussions": false}, "status": "succeeded"}} cmd_type=elb consumer=False job_name=dev:tap-github-to-target-jsonl name=tap-github producer=True run_id=8d2d7707-019f-4bf6-8bb7-712bd801fed6 stdio=stderr string_id=tap-github
2025-08-21T12:27:08.189197Z [info     ] METRIC: {"type": "counter", "metric": "record_count", "value": 112, "tags": {"stream": "releases", "pid": 60484, "context": {"org": "pandas-dev", "repo": "pandas", "repo_id": 858127, "has_discussions": false}}} cmd_type=elb consumer=False job_name=dev:tap-github-to-target-jsonl name=tap-github producer=True run_id=8d2d7707-019f-4bf6-8bb7-712bd801fed6 stdio=stderr string_id=tap-github
2025-08-21T12:27:08.189367Z [info     ] METRIC: {"type": "counter", "metric": "http_request_count", "value": 1, "tags": {"stream": "repositories", "endpoint": "/repos/{org}/{repo}", "pid": 60484, "context": {"org": "pandas-dev", "repo": "pandas", "repo_id": 858127}}} cmd_type=elb consumer=False job_name=dev:tap-github-to-target-jsonl name=tap-github producer=True run_id=8d2d7707-019f-4bf6-8bb7-712bd801fed6 stdio=stderr string_id=tap-github
2025-08-21T12:27:08.189678Z [info     ] METRIC: {"type": "timer", "metric": "sync_duration", "value": 2.4891748428344727, "tags": {"stream": "repositories", "pid": 60484, "context": {"org": "pandas-dev", "repo": "pandas", "repo_id": 858127}, "status": "succeeded"}} cmd_type=elb consumer=False job_name=dev:tap-github-to-target-jsonl name=tap-github producer=True run_id=8d2d7707-019f-4bf6-8bb7-712bd801fed6 stdio=stderr string_id=tap-github
2025-08-21T12:27:08.189879Z [info     ] METRIC: {"type": "counter", "metric": "record_count", "value": 0, "tags": {"stream": "repositories", "pid": 60484, "context": {"org": "pandas-dev", "repo": "pandas", "repo_id": 858127}}} cmd_type=elb consumer=False job_name=dev:tap-github-to-target-jsonl name=tap-github producer=True run_id=8d2d7707-019f-4bf6-8bb7-712bd801fed6 stdio=stderr string_id=tap-github
2025-08-21T12:27:08.190064Z [info     ] Skipping deselected stream 'review_comments'. cmd_type=elb consumer=False job_name=dev:tap-github-to-target-jsonl name=tap-github producer=True run_id=8d2d7707-019f-4bf6-8bb7-712bd801fed6 stdio=stderr string_id=tap-github
2025-08-21T12:27:08.190294Z [info     ] Skipping deselected stream 'reviews'. cmd_type=elb consumer=False job_name=dev:tap-github-to-target-jsonl name=tap-github producer=True run_id=8d2d7707-019f-4bf6-8bb7-712bd801fed6 stdio=stderr string_id=tap-github
2025-08-21T12:27:08.190550Z [info     ] Skipping deselected stream 'stargazers'. cmd_type=elb consumer=False job_name=dev:tap-github-to-target-jsonl name=tap-github producer=True run_id=8d2d7707-019f-4bf6-8bb7-712bd801fed6 stdio=stderr string_id=tap-github
2025-08-21T12:27:08.190760Z [info     ] Skipping deselected stream 'stargazers_rest'. cmd_type=elb consumer=False job_name=dev:tap-github-to-target-jsonl name=tap-github producer=True run_id=8d2d7707-019f-4bf6-8bb7-712bd801fed6 stdio=stderr string_id=tap-github
2025-08-21T12:27:08.190934Z [info     ] Skipping deselected stream 'stats_contributors'. cmd_type=elb consumer=False job_name=dev:tap-github-to-target-jsonl name=tap-github producer=True run_id=8d2d7707-019f-4bf6-8bb7-712bd801fed6 stdio=stderr string_id=tap-github
2025-08-21T12:27:08.191097Z [info     ] Skipping deselected stream 'tags'. cmd_type=elb consumer=False job_name=dev:tap-github-to-target-jsonl name=tap-github producer=True run_id=8d2d7707-019f-4bf6-8bb7-712bd801fed6 stdio=stderr string_id=tap-github
2025-08-21T12:27:08.191231Z [info     ] Skipping deselected stream 'traffic_clones'. cmd_type=elb consumer=False job_name=dev:tap-github-to-target-jsonl name=tap-github producer=True run_id=8d2d7707-019f-4bf6-8bb7-712bd801fed6 stdio=stderr string_id=tap-github
2025-08-21T12:27:08.191359Z [info     ] Skipping deselected stream 'traffic_pageviews'. cmd_type=elb consumer=False job_name=dev:tap-github-to-target-jsonl name=tap-github producer=True run_id=8d2d7707-019f-4bf6-8bb7-712bd801fed6 stdio=stderr string_id=tap-github
2025-08-21T12:27:08.191483Z [info     ] Skipping deselected stream 'traffic_referral_paths'. cmd_type=elb consumer=False job_name=dev:tap-github-to-target-jsonl name=tap-github producer=True run_id=8d2d7707-019f-4bf6-8bb7-712bd801fed6 stdio=stderr string_id=tap-github
2025-08-21T12:27:08.191609Z [info     ] Skipping deselected stream 'traffic_referrers'. cmd_type=elb consumer=False job_name=dev:tap-github-to-target-jsonl name=tap-github producer=True run_id=8d2d7707-019f-4bf6-8bb7-712bd801fed6 stdio=stderr string_id=tap-github
2025-08-21T12:27:08.191730Z [info     ] Skipping deselected stream 'workflow_run_jobs'. cmd_type=elb consumer=False job_name=dev:tap-github-to-target-jsonl name=tap-github producer=True run_id=8d2d7707-019f-4bf6-8bb7-712bd801fed6 stdio=stderr string_id=tap-github
2025-08-21T12:27:08.191850Z [info     ] Skipping deselected stream 'workflow_runs'. cmd_type=elb consumer=False job_name=dev:tap-github-to-target-jsonl name=tap-github producer=True run_id=8d2d7707-019f-4bf6-8bb7-712bd801fed6 stdio=stderr string_id=tap-github
2025-08-21T12:27:08.191997Z [info     ] Skipping deselected stream 'workflows'. cmd_type=elb consumer=False job_name=dev:tap-github-to-target-jsonl name=tap-github producer=True run_id=8d2d7707-019f-4bf6-8bb7-712bd801fed6 stdio=stderr string_id=tap-github
2025-08-21T12:27:08.192189Z [info     ] Total Sync costs for stream releases: {'rest': 2, 'graphql': 0, 'search': 0} cmd_type=elb consumer=False job_name=dev:tap-github-to-target-jsonl name=tap-github producer=True run_id=8d2d7707-019f-4bf6-8bb7-712bd801fed6 stdio=stderr string_id=tap-github
2025-08-21T12:27:08.192313Z [info     ] Total Sync costs for stream repositories: {'rest': 1, 'graphql': 0, 'search': 0} cmd_type=elb consumer=False job_name=dev:tap-github-to-target-jsonl name=tap-github producer=True run_id=8d2d7707-019f-4bf6-8bb7-712bd801fed6 stdio=stderr string_id=tap-github
2025-08-21T12:27:08.264563Z [info     ] Using systemdb state backend
2025-08-21T12:27:08.268104Z [info     ] Incremental state has been updated at 2025-08-21 12:27:08.268073+00:00.
2025-08-21T12:27:08.273290Z [info     ] Block run completed.           block_type=ExtractLoadBlocks err=None set_number=0 success=True
