2025-08-21T12:44:32.489280Z [info     ] Using systemdb state backend
2025-08-21T12:44:32.491518Z [warning  ] No state was found, complete import.
2025-08-21T12:44:33.088612Z [info     ] tap-github v1.21.0, Meltano SDK v0.48.0 cmd_type=elb consumer=False job_name=dev:tap-github-to-target-bigquery name=tap-github producer=True run_id=5c0d34cf-b19f-430c-a272-552d7d1cfcc6 stdio=stderr string_id=tap-github
2025-08-21T12:44:33.090770Z [info     ] Skipping parse of env var settings... cmd_type=elb consumer=False job_name=dev:tap-github-to-target-bigquery name=tap-github producer=True run_id=5c0d34cf-b19f-430c-a272-552d7d1cfcc6 stdio=stderr string_id=tap-github
2025-08-21T12:44:33.111306Z [info     ] The stream 'stargazers' might conflict with previous implementation. Looking for the older version? Use 'stargazers_rest'. cmd_type=elb consumer=False job_name=dev:tap-github-to-target-bigquery name=tap-github producer=True run_id=5c0d34cf-b19f-430c-a272-552d7d1cfcc6 stdio=stderr string_id=tap-github
2025-08-21T12:44:33.111802Z [info     ] The stream 'stargazers_rest' is deprecated. Please use the Graphql version instead: 'stargazers'. cmd_type=elb consumer=False job_name=dev:tap-github-to-target-bigquery name=tap-github producer=True run_id=5c0d34cf-b19f-430c-a272-552d7d1cfcc6 stdio=stderr string_id=tap-github
2025-08-21T12:44:33.112049Z [info     ] Added 'anonymous_contributors' as child stream to 'repositories' cmd_type=elb consumer=False job_name=dev:tap-github-to-target-bigquery name=tap-github producer=True run_id=5c0d34cf-b19f-430c-a272-552d7d1cfcc6 stdio=stderr string_id=tap-github
2025-08-21T12:44:33.112197Z [info     ] Added 'assignees' as child stream to 'repositories' cmd_type=elb consumer=False job_name=dev:tap-github-to-target-bigquery name=tap-github producer=True run_id=5c0d34cf-b19f-430c-a272-552d7d1cfcc6 stdio=stderr string_id=tap-github
2025-08-21T12:44:33.112367Z [info     ] Added 'branches' as child stream to 'repositories' cmd_type=elb consumer=False job_name=dev:tap-github-to-target-bigquery name=tap-github producer=True run_id=5c0d34cf-b19f-430c-a272-552d7d1cfcc6 stdio=stderr string_id=tap-github
2025-08-21T12:44:33.112599Z [info     ] Added 'collaborators' as child stream to 'repositories' cmd_type=elb consumer=False job_name=dev:tap-github-to-target-bigquery name=tap-github producer=True run_id=5c0d34cf-b19f-430c-a272-552d7d1cfcc6 stdio=stderr string_id=tap-github
2025-08-21T12:44:33.112910Z [info     ] Added 'commit_comments' as child stream to 'repositories' cmd_type=elb consumer=False job_name=dev:tap-github-to-target-bigquery name=tap-github producer=True run_id=5c0d34cf-b19f-430c-a272-552d7d1cfcc6 stdio=stderr string_id=tap-github
2025-08-21T12:44:33.113017Z [info     ] Added 'commits' as child stream to 'repositories' cmd_type=elb consumer=False job_name=dev:tap-github-to-target-bigquery name=tap-github producer=True run_id=5c0d34cf-b19f-430c-a272-552d7d1cfcc6 stdio=stderr string_id=tap-github
2025-08-21T12:44:33.113198Z [info     ] Added 'commit_diffs' as child stream to 'commits' cmd_type=elb consumer=False job_name=dev:tap-github-to-target-bigquery name=tap-github producer=True run_id=5c0d34cf-b19f-430c-a272-552d7d1cfcc6 stdio=stderr string_id=tap-github
2025-08-21T12:44:33.113289Z [info     ] Added 'community_profile' as child stream to 'repositories' cmd_type=elb consumer=False job_name=dev:tap-github-to-target-bigquery name=tap-github producer=True run_id=5c0d34cf-b19f-430c-a272-552d7d1cfcc6 stdio=stderr string_id=tap-github
2025-08-21T12:44:33.113377Z [info     ] Added 'contributors' as child stream to 'repositories' cmd_type=elb consumer=False job_name=dev:tap-github-to-target-bigquery name=tap-github producer=True run_id=5c0d34cf-b19f-430c-a272-552d7d1cfcc6 stdio=stderr string_id=tap-github
2025-08-21T12:44:33.113546Z [info     ] Added 'dependencies' as child stream to 'repositories' cmd_type=elb consumer=False job_name=dev:tap-github-to-target-bigquery name=tap-github producer=True run_id=5c0d34cf-b19f-430c-a272-552d7d1cfcc6 stdio=stderr string_id=tap-github
2025-08-21T12:44:33.113711Z [info     ] Added 'dependents' as child stream to 'repositories' cmd_type=elb consumer=False job_name=dev:tap-github-to-target-bigquery name=tap-github producer=True run_id=5c0d34cf-b19f-430c-a272-552d7d1cfcc6 stdio=stderr string_id=tap-github
2025-08-21T12:44:33.113826Z [info     ] Added 'deployments' as child stream to 'repositories' cmd_type=elb consumer=False job_name=dev:tap-github-to-target-bigquery name=tap-github producer=True run_id=5c0d34cf-b19f-430c-a272-552d7d1cfcc6 stdio=stderr string_id=tap-github
2025-08-21T12:44:33.113912Z [info     ] Added 'deployment_statuses' as child stream to 'deployments' cmd_type=elb consumer=False job_name=dev:tap-github-to-target-bigquery name=tap-github producer=True run_id=5c0d34cf-b19f-430c-a272-552d7d1cfcc6 stdio=stderr string_id=tap-github
2025-08-21T12:44:33.114059Z [info     ] Added 'discussions' as child stream to 'repositories' cmd_type=elb consumer=False job_name=dev:tap-github-to-target-bigquery name=tap-github producer=True run_id=5c0d34cf-b19f-430c-a272-552d7d1cfcc6 stdio=stderr string_id=tap-github
2025-08-21T12:44:33.114145Z [info     ] Added 'discussion_categories' as child stream to 'repositories' cmd_type=elb consumer=False job_name=dev:tap-github-to-target-bigquery name=tap-github producer=True run_id=5c0d34cf-b19f-430c-a272-552d7d1cfcc6 stdio=stderr string_id=tap-github
2025-08-21T12:44:33.114314Z [info     ] Added 'discussion_comments' as child stream to 'discussions' cmd_type=elb consumer=False job_name=dev:tap-github-to-target-bigquery name=tap-github producer=True run_id=5c0d34cf-b19f-430c-a272-552d7d1cfcc6 stdio=stderr string_id=tap-github
2025-08-21T12:44:33.114476Z [info     ] Added 'discussion_comment_replies' as child stream to 'discussions' cmd_type=elb consumer=False job_name=dev:tap-github-to-target-bigquery name=tap-github producer=True run_id=5c0d34cf-b19f-430c-a272-552d7d1cfcc6 stdio=stderr string_id=tap-github
2025-08-21T12:44:33.114603Z [info     ] Added 'events' as child stream to 'repositories' cmd_type=elb consumer=False job_name=dev:tap-github-to-target-bigquery name=tap-github producer=True run_id=5c0d34cf-b19f-430c-a272-552d7d1cfcc6 stdio=stderr string_id=tap-github
2025-08-21T12:44:33.114781Z [info     ] Added 'issue_comments' as child stream to 'repositories' cmd_type=elb consumer=False job_name=dev:tap-github-to-target-bigquery name=tap-github producer=True run_id=5c0d34cf-b19f-430c-a272-552d7d1cfcc6 stdio=stderr string_id=tap-github
2025-08-21T12:44:33.115211Z [info     ] Added 'issue_events' as child stream to 'repositories' cmd_type=elb consumer=False job_name=dev:tap-github-to-target-bigquery name=tap-github producer=True run_id=5c0d34cf-b19f-430c-a272-552d7d1cfcc6 stdio=stderr string_id=tap-github
2025-08-21T12:44:33.115465Z [info     ] Added 'issues' as child stream to 'repositories' cmd_type=elb consumer=False job_name=dev:tap-github-to-target-bigquery name=tap-github producer=True run_id=5c0d34cf-b19f-430c-a272-552d7d1cfcc6 stdio=stderr string_id=tap-github
2025-08-21T12:44:33.115624Z [info     ] Added 'labels' as child stream to 'repositories' cmd_type=elb consumer=False job_name=dev:tap-github-to-target-bigquery name=tap-github producer=True run_id=5c0d34cf-b19f-430c-a272-552d7d1cfcc6 stdio=stderr string_id=tap-github
2025-08-21T12:44:33.116125Z [info     ] Added 'languages' as child stream to 'repositories' cmd_type=elb consumer=False job_name=dev:tap-github-to-target-bigquery name=tap-github producer=True run_id=5c0d34cf-b19f-430c-a272-552d7d1cfcc6 stdio=stderr string_id=tap-github
2025-08-21T12:44:33.116250Z [info     ] Added 'milestones' as child stream to 'repositories' cmd_type=elb consumer=False job_name=dev:tap-github-to-target-bigquery name=tap-github producer=True run_id=5c0d34cf-b19f-430c-a272-552d7d1cfcc6 stdio=stderr string_id=tap-github
2025-08-21T12:44:33.116783Z [info     ] Added 'pull_request_commits' as child stream to 'pull_requests' cmd_type=elb consumer=False job_name=dev:tap-github-to-target-bigquery name=tap-github producer=True run_id=5c0d34cf-b19f-430c-a272-552d7d1cfcc6 stdio=stderr string_id=tap-github
2025-08-21T12:44:33.117138Z [info     ] Added 'pull_request_commit_diffs' as child stream to 'pull_request_commits' cmd_type=elb consumer=False job_name=dev:tap-github-to-target-bigquery name=tap-github producer=True run_id=5c0d34cf-b19f-430c-a272-552d7d1cfcc6 stdio=stderr string_id=tap-github
2025-08-21T12:44:33.117488Z [info     ] Added 'pull_request_diffs' as child stream to 'pull_requests' cmd_type=elb consumer=False job_name=dev:tap-github-to-target-bigquery name=tap-github producer=True run_id=5c0d34cf-b19f-430c-a272-552d7d1cfcc6 stdio=stderr string_id=tap-github
2025-08-21T12:44:33.117616Z [info     ] Added 'pull_requests' as child stream to 'repositories' cmd_type=elb consumer=False job_name=dev:tap-github-to-target-bigquery name=tap-github producer=True run_id=5c0d34cf-b19f-430c-a272-552d7d1cfcc6 stdio=stderr string_id=tap-github
2025-08-21T12:44:33.117926Z [info     ] Added 'readme_html' as child stream to 'repositories' cmd_type=elb consumer=False job_name=dev:tap-github-to-target-bigquery name=tap-github producer=True run_id=5c0d34cf-b19f-430c-a272-552d7d1cfcc6 stdio=stderr string_id=tap-github
2025-08-21T12:44:33.118024Z [info     ] Added 'readme' as child stream to 'repositories' cmd_type=elb consumer=False job_name=dev:tap-github-to-target-bigquery name=tap-github producer=True run_id=5c0d34cf-b19f-430c-a272-552d7d1cfcc6 stdio=stderr string_id=tap-github
2025-08-21T12:44:33.118149Z [info     ] Added 'releases' as child stream to 'repositories' cmd_type=elb consumer=False job_name=dev:tap-github-to-target-bigquery name=tap-github producer=True run_id=5c0d34cf-b19f-430c-a272-552d7d1cfcc6 stdio=stderr string_id=tap-github
2025-08-21T12:44:33.118333Z [info     ] Added 'extra_metrics' as child stream to 'repositories' cmd_type=elb consumer=False job_name=dev:tap-github-to-target-bigquery name=tap-github producer=True run_id=5c0d34cf-b19f-430c-a272-552d7d1cfcc6 stdio=stderr string_id=tap-github
2025-08-21T12:44:33.118448Z [info     ] Added 'review_comments' as child stream to 'repositories' cmd_type=elb consumer=False job_name=dev:tap-github-to-target-bigquery name=tap-github producer=True run_id=5c0d34cf-b19f-430c-a272-552d7d1cfcc6 stdio=stderr string_id=tap-github
2025-08-21T12:44:33.118705Z [info     ] Added 'reviews' as child stream to 'pull_requests' cmd_type=elb consumer=False job_name=dev:tap-github-to-target-bigquery name=tap-github producer=True run_id=5c0d34cf-b19f-430c-a272-552d7d1cfcc6 stdio=stderr string_id=tap-github
2025-08-21T12:44:33.118825Z [info     ] Added 'stargazers' as child stream to 'repositories' cmd_type=elb consumer=False job_name=dev:tap-github-to-target-bigquery name=tap-github producer=True run_id=5c0d34cf-b19f-430c-a272-552d7d1cfcc6 stdio=stderr string_id=tap-github
2025-08-21T12:44:33.118951Z [info     ] Added 'stargazers_rest' as child stream to 'repositories' cmd_type=elb consumer=False job_name=dev:tap-github-to-target-bigquery name=tap-github producer=True run_id=5c0d34cf-b19f-430c-a272-552d7d1cfcc6 stdio=stderr string_id=tap-github
2025-08-21T12:44:33.119313Z [info     ] Added 'stats_contributors' as child stream to 'repositories' cmd_type=elb consumer=False job_name=dev:tap-github-to-target-bigquery name=tap-github producer=True run_id=5c0d34cf-b19f-430c-a272-552d7d1cfcc6 stdio=stderr string_id=tap-github
2025-08-21T12:44:33.119480Z [info     ] Added 'tags' as child stream to 'repositories' cmd_type=elb consumer=False job_name=dev:tap-github-to-target-bigquery name=tap-github producer=True run_id=5c0d34cf-b19f-430c-a272-552d7d1cfcc6 stdio=stderr string_id=tap-github
2025-08-21T12:44:33.119627Z [info     ] Added 'traffic_clones' as child stream to 'repositories' cmd_type=elb consumer=False job_name=dev:tap-github-to-target-bigquery name=tap-github producer=True run_id=5c0d34cf-b19f-430c-a272-552d7d1cfcc6 stdio=stderr string_id=tap-github
2025-08-21T12:44:33.119769Z [info     ] Added 'traffic_pageviews' as child stream to 'repositories' cmd_type=elb consumer=False job_name=dev:tap-github-to-target-bigquery name=tap-github producer=True run_id=5c0d34cf-b19f-430c-a272-552d7d1cfcc6 stdio=stderr string_id=tap-github
2025-08-21T12:44:33.119919Z [info     ] Added 'traffic_referral_paths' as child stream to 'repositories' cmd_type=elb consumer=False job_name=dev:tap-github-to-target-bigquery name=tap-github producer=True run_id=5c0d34cf-b19f-430c-a272-552d7d1cfcc6 stdio=stderr string_id=tap-github
2025-08-21T12:44:33.120012Z [info     ] Added 'traffic_referrers' as child stream to 'repositories' cmd_type=elb consumer=False job_name=dev:tap-github-to-target-bigquery name=tap-github producer=True run_id=5c0d34cf-b19f-430c-a272-552d7d1cfcc6 stdio=stderr string_id=tap-github
2025-08-21T12:44:33.120113Z [info     ] Added 'workflow_run_jobs' as child stream to 'workflow_runs' cmd_type=elb consumer=False job_name=dev:tap-github-to-target-bigquery name=tap-github producer=True run_id=5c0d34cf-b19f-430c-a272-552d7d1cfcc6 stdio=stderr string_id=tap-github
2025-08-21T12:44:33.120288Z [info     ] Added 'workflow_runs' as child stream to 'repositories' cmd_type=elb consumer=False job_name=dev:tap-github-to-target-bigquery name=tap-github producer=True run_id=5c0d34cf-b19f-430c-a272-552d7d1cfcc6 stdio=stderr string_id=tap-github
2025-08-21T12:44:33.120437Z [info     ] Added 'workflows' as child stream to 'repositories' cmd_type=elb consumer=False job_name=dev:tap-github-to-target-bigquery name=tap-github producer=True run_id=5c0d34cf-b19f-430c-a272-552d7d1cfcc6 stdio=stderr string_id=tap-github
2025-08-21T12:44:33.123503Z [info     ] Stream descendent 'releases' is selected and its parent 'repositories' does not use inclusive replication keys. Forcing full table replication for 'repositories'. cmd_type=elb consumer=False job_name=dev:tap-github-to-target-bigquery name=tap-github producer=True run_id=5c0d34cf-b19f-430c-a272-552d7d1cfcc6 stdio=stderr string_id=tap-github
2025-08-21T12:44:33.124086Z [info     ] Skipping deselected stream 'anonymous_contributors'. cmd_type=elb consumer=False job_name=dev:tap-github-to-target-bigquery name=tap-github producer=True run_id=5c0d34cf-b19f-430c-a272-552d7d1cfcc6 stdio=stderr string_id=tap-github
2025-08-21T12:44:33.124629Z [info     ] Skipping deselected stream 'assignees'. cmd_type=elb consumer=False job_name=dev:tap-github-to-target-bigquery name=tap-github producer=True run_id=5c0d34cf-b19f-430c-a272-552d7d1cfcc6 stdio=stderr string_id=tap-github
2025-08-21T12:44:33.124964Z [info     ] Skipping deselected stream 'branches'. cmd_type=elb consumer=False job_name=dev:tap-github-to-target-bigquery name=tap-github producer=True run_id=5c0d34cf-b19f-430c-a272-552d7d1cfcc6 stdio=stderr string_id=tap-github
2025-08-21T12:44:33.125225Z [info     ] Skipping deselected stream 'collaborators'. cmd_type=elb consumer=False job_name=dev:tap-github-to-target-bigquery name=tap-github producer=True run_id=5c0d34cf-b19f-430c-a272-552d7d1cfcc6 stdio=stderr string_id=tap-github
2025-08-21T12:44:33.125467Z [info     ] Skipping deselected stream 'commit_comments'. cmd_type=elb consumer=False job_name=dev:tap-github-to-target-bigquery name=tap-github producer=True run_id=5c0d34cf-b19f-430c-a272-552d7d1cfcc6 stdio=stderr string_id=tap-github
2025-08-21T12:44:33.125784Z [info     ] Skipping deselected stream 'commit_diffs'. cmd_type=elb consumer=False job_name=dev:tap-github-to-target-bigquery name=tap-github producer=True run_id=5c0d34cf-b19f-430c-a272-552d7d1cfcc6 stdio=stderr string_id=tap-github
2025-08-21T12:44:33.126361Z [info     ] Skipping deselected stream 'commits'. cmd_type=elb consumer=False job_name=dev:tap-github-to-target-bigquery name=tap-github producer=True run_id=5c0d34cf-b19f-430c-a272-552d7d1cfcc6 stdio=stderr string_id=tap-github
2025-08-21T12:44:33.126653Z [info     ] Skipping deselected stream 'community_profile'. cmd_type=elb consumer=False job_name=dev:tap-github-to-target-bigquery name=tap-github producer=True run_id=5c0d34cf-b19f-430c-a272-552d7d1cfcc6 stdio=stderr string_id=tap-github
2025-08-21T12:44:33.127021Z [info     ] Skipping deselected stream 'contributors'. cmd_type=elb consumer=False job_name=dev:tap-github-to-target-bigquery name=tap-github producer=True run_id=5c0d34cf-b19f-430c-a272-552d7d1cfcc6 stdio=stderr string_id=tap-github
2025-08-21T12:44:33.127149Z [info     ] Skipping deselected stream 'dependencies'. cmd_type=elb consumer=False job_name=dev:tap-github-to-target-bigquery name=tap-github producer=True run_id=5c0d34cf-b19f-430c-a272-552d7d1cfcc6 stdio=stderr string_id=tap-github
2025-08-21T12:44:33.127234Z [info     ] Skipping deselected stream 'dependents'. cmd_type=elb consumer=False job_name=dev:tap-github-to-target-bigquery name=tap-github producer=True run_id=5c0d34cf-b19f-430c-a272-552d7d1cfcc6 stdio=stderr string_id=tap-github
2025-08-21T12:44:33.127317Z [info     ] Skipping deselected stream 'deployment_statuses'. cmd_type=elb consumer=False job_name=dev:tap-github-to-target-bigquery name=tap-github producer=True run_id=5c0d34cf-b19f-430c-a272-552d7d1cfcc6 stdio=stderr string_id=tap-github
2025-08-21T12:44:33.127403Z [info     ] Skipping deselected stream 'deployments'. cmd_type=elb consumer=False job_name=dev:tap-github-to-target-bigquery name=tap-github producer=True run_id=5c0d34cf-b19f-430c-a272-552d7d1cfcc6 stdio=stderr string_id=tap-github
2025-08-21T12:44:33.127613Z [info     ] Skipping deselected stream 'discussion_categories'. cmd_type=elb consumer=False job_name=dev:tap-github-to-target-bigquery name=tap-github producer=True run_id=5c0d34cf-b19f-430c-a272-552d7d1cfcc6 stdio=stderr string_id=tap-github
2025-08-21T12:44:33.127700Z [info     ] Skipping deselected stream 'discussion_comment_replies'. cmd_type=elb consumer=False job_name=dev:tap-github-to-target-bigquery name=tap-github producer=True run_id=5c0d34cf-b19f-430c-a272-552d7d1cfcc6 stdio=stderr string_id=tap-github
2025-08-21T12:44:33.127780Z [info     ] Skipping deselected stream 'discussion_comments'. cmd_type=elb consumer=False job_name=dev:tap-github-to-target-bigquery name=tap-github producer=True run_id=5c0d34cf-b19f-430c-a272-552d7d1cfcc6 stdio=stderr string_id=tap-github
2025-08-21T12:44:33.128190Z [info     ] Skipping deselected stream 'discussions'. cmd_type=elb consumer=False job_name=dev:tap-github-to-target-bigquery name=tap-github producer=True run_id=5c0d34cf-b19f-430c-a272-552d7d1cfcc6 stdio=stderr string_id=tap-github
2025-08-21T12:44:33.128271Z [info     ] Skipping deselected stream 'events'. cmd_type=elb consumer=False job_name=dev:tap-github-to-target-bigquery name=tap-github producer=True run_id=5c0d34cf-b19f-430c-a272-552d7d1cfcc6 stdio=stderr string_id=tap-github
2025-08-21T12:44:33.128352Z [info     ] Skipping deselected stream 'extra_metrics'. cmd_type=elb consumer=False job_name=dev:tap-github-to-target-bigquery name=tap-github producer=True run_id=5c0d34cf-b19f-430c-a272-552d7d1cfcc6 stdio=stderr string_id=tap-github
2025-08-21T12:44:33.128435Z [info     ] Skipping deselected stream 'issue_comments'. cmd_type=elb consumer=False job_name=dev:tap-github-to-target-bigquery name=tap-github producer=True run_id=5c0d34cf-b19f-430c-a272-552d7d1cfcc6 stdio=stderr string_id=tap-github
2025-08-21T12:44:33.128539Z [info     ] Skipping deselected stream 'issue_events'. cmd_type=elb consumer=False job_name=dev:tap-github-to-target-bigquery name=tap-github producer=True run_id=5c0d34cf-b19f-430c-a272-552d7d1cfcc6 stdio=stderr string_id=tap-github
2025-08-21T12:44:33.128655Z [info     ] Skipping deselected stream 'issues'. cmd_type=elb consumer=False job_name=dev:tap-github-to-target-bigquery name=tap-github producer=True run_id=5c0d34cf-b19f-430c-a272-552d7d1cfcc6 stdio=stderr string_id=tap-github
2025-08-21T12:44:33.128754Z [info     ] Skipping deselected stream 'labels'. cmd_type=elb consumer=False job_name=dev:tap-github-to-target-bigquery name=tap-github producer=True run_id=5c0d34cf-b19f-430c-a272-552d7d1cfcc6 stdio=stderr string_id=tap-github
2025-08-21T12:44:33.128848Z [info     ] Skipping deselected stream 'languages'. cmd_type=elb consumer=False job_name=dev:tap-github-to-target-bigquery name=tap-github producer=True run_id=5c0d34cf-b19f-430c-a272-552d7d1cfcc6 stdio=stderr string_id=tap-github
2025-08-21T12:44:33.128971Z [info     ] Skipping deselected stream 'milestones'. cmd_type=elb consumer=False job_name=dev:tap-github-to-target-bigquery name=tap-github producer=True run_id=5c0d34cf-b19f-430c-a272-552d7d1cfcc6 stdio=stderr string_id=tap-github
2025-08-21T12:44:33.129110Z [info     ] Skipping deselected stream 'pull_request_commit_diffs'. cmd_type=elb consumer=False job_name=dev:tap-github-to-target-bigquery name=tap-github producer=True run_id=5c0d34cf-b19f-430c-a272-552d7d1cfcc6 stdio=stderr string_id=tap-github
2025-08-21T12:44:33.129371Z [info     ] Skipping deselected stream 'pull_request_commits'. cmd_type=elb consumer=False job_name=dev:tap-github-to-target-bigquery name=tap-github producer=True run_id=5c0d34cf-b19f-430c-a272-552d7d1cfcc6 stdio=stderr string_id=tap-github
2025-08-21T12:44:33.129510Z [info     ] Skipping deselected stream 'pull_request_diffs'. cmd_type=elb consumer=False job_name=dev:tap-github-to-target-bigquery name=tap-github producer=True run_id=5c0d34cf-b19f-430c-a272-552d7d1cfcc6 stdio=stderr string_id=tap-github
2025-08-21T12:44:33.129663Z [info     ] Skipping deselected stream 'pull_requests'. cmd_type=elb consumer=False job_name=dev:tap-github-to-target-bigquery name=tap-github producer=True run_id=5c0d34cf-b19f-430c-a272-552d7d1cfcc6 stdio=stderr string_id=tap-github
2025-08-21T12:44:33.129867Z [info     ] Skipping deselected stream 'readme'. cmd_type=elb consumer=False job_name=dev:tap-github-to-target-bigquery name=tap-github producer=True run_id=5c0d34cf-b19f-430c-a272-552d7d1cfcc6 stdio=stderr string_id=tap-github
2025-08-21T12:44:33.129985Z [info     ] Skipping deselected stream 'readme_html'. cmd_type=elb consumer=False job_name=dev:tap-github-to-target-bigquery name=tap-github producer=True run_id=5c0d34cf-b19f-430c-a272-552d7d1cfcc6 stdio=stderr string_id=tap-github
2025-08-21T12:44:33.130077Z [info     ] Beginning full_table sync of 'repositories' cmd_type=elb consumer=False job_name=dev:tap-github-to-target-bigquery name=tap-github producer=True run_id=5c0d34cf-b19f-430c-a272-552d7d1cfcc6 stdio=stderr string_id=tap-github
2025-08-21T12:44:33.130245Z [info     ] Filtering repository list of 1 repositories cmd_type=elb consumer=False job_name=dev:tap-github-to-target-bigquery name=tap-github producer=True run_id=5c0d34cf-b19f-430c-a272-552d7d1cfcc6 stdio=stderr string_id=tap-github
2025-08-21T12:44:33.130331Z [info     ] /Users/alexfoo/Documents/NTU_DSAI/5m-data-2.6-data-pipelines-orchestration/meltano-injestion/.meltano/extractors/tap-github/venv/lib/python3.10/site-packages/singer_sdk/streams/rest.py:449: DeprecationWarning: `RESTStream.get_next_page_token` is deprecated and will not be used in a future version of the Meltano Singer SDK. Override `RESTStream.get_new_paginator` instead. cmd_type=elb consumer=False job_name=dev:tap-github-to-target-bigquery name=tap-github producer=True run_id=5c0d34cf-b19f-430c-a272-552d7d1cfcc6 stdio=stderr string_id=tap-github
2025-08-21T12:44:33.130536Z [info     ]   paginator = self.get_new_paginator() or SinglePagePaginator() cmd_type=elb consumer=False job_name=dev:tap-github-to-target-bigquery name=tap-github producer=True run_id=5c0d34cf-b19f-430c-a272-552d7d1cfcc6 stdio=stderr string_id=tap-github
2025-08-21T12:44:33.130633Z [info     ]                                cmd_type=elb consumer=False job_name=dev:tap-github-to-target-bigquery name=tap-github producer=True run_id=5c0d34cf-b19f-430c-a272-552d7d1cfcc6 stdio=stderr string_id=tap-github
2025-08-21T12:44:33.466635Z [info     ] Tap will run with 1 personal auth tokens and 0 app keys. cmd_type=elb consumer=False job_name=dev:tap-github-to-target-bigquery name=tap-github producer=True run_id=5c0d34cf-b19f-430c-a272-552d7d1cfcc6 stdio=stderr string_id=tap-github
2025-08-21T12:44:33.829953Z [info     ] METRIC: {"type": "timer", "metric": "http_request_duration", "value": 0.361712, "tags": {"stream": "tempStream", "endpoint": "", "http_status_code": 200, "status": "succeeded"}} cmd_type=elb consumer=False job_name=dev:tap-github-to-target-bigquery name=tap-github producer=True run_id=5c0d34cf-b19f-430c-a272-552d7d1cfcc6 stdio=stderr string_id=tap-github
2025-08-21T12:44:33.851712Z [info     ] JSONPath $.data.rateLimit.cost match count: 1 cmd_type=elb consumer=False job_name=dev:tap-github-to-target-bigquery name=tap-github producer=True run_id=5c0d34cf-b19f-430c-a272-552d7d1cfcc6 stdio=stderr string_id=tap-github
2025-08-21T12:44:33.867733Z [info     ] JSONPath $.data.[*] match count: 1 cmd_type=elb consumer=False job_name=dev:tap-github-to-target-bigquery name=tap-github producer=True run_id=5c0d34cf-b19f-430c-a272-552d7d1cfcc6 stdio=stderr string_id=tap-github
2025-08-21T12:44:33.868083Z [info     ] METRIC: {"type": "counter", "metric": "http_request_count", "value": 1, "tags": {"stream": "tempStream", "endpoint": "", "pid": 60966, "context": {}}} cmd_type=elb consumer=False job_name=dev:tap-github-to-target-bigquery name=tap-github producer=True run_id=5c0d34cf-b19f-430c-a272-552d7d1cfcc6 stdio=stderr string_id=tap-github
2025-08-21T12:44:33.868246Z [info     ] Running the tap on 1 repositories cmd_type=elb consumer=False job_name=dev:tap-github-to-target-bigquery name=tap-github producer=True run_id=5c0d34cf-b19f-430c-a272-552d7d1cfcc6 stdio=stderr string_id=tap-github
2025-08-21T12:44:33.869383Z [info     ] Running the tap on 1 repositories cmd_type=elb consumer=False job_name=dev:tap-github-to-target-bigquery name=tap-github producer=True run_id=5c0d34cf-b19f-430c-a272-552d7d1cfcc6 stdio=stderr string_id=tap-github
2025-08-21T12:44:34.235613Z [info     ] Tap will run with 1 personal auth tokens and 0 app keys. cmd_type=elb consumer=False job_name=dev:tap-github-to-target-bigquery name=tap-github producer=True run_id=5c0d34cf-b19f-430c-a272-552d7d1cfcc6 stdio=stderr string_id=tap-github
2025-08-21T12:44:34.383319Z [info     ] /Users/alexfoo/Documents/NTU_DSAI/5m-data-2.6-data-pipelines-orchestration/meltano-injestion/.meltano/loaders/target-bigquery/venv/lib/python3.10/site-packages/fs/__init__.py:4: UserWarning: pkg_resources is deprecated as an API. See https://setuptools.pypa.io/en/latest/pkg_resources.html. The pkg_resources package is slated for removal as early as 2025-11-30. Refrain from using this package or pin to Setuptools<81. cmd_type=elb consumer=True job_name=dev:tap-github-to-target-bigquery name=target-bigquery producer=False run_id=5c0d34cf-b19f-430c-a272-552d7d1cfcc6 stdio=stderr string_id=target-bigquery
2025-08-21T12:44:34.383550Z [info     ]   __import__("pkg_resources").declare_namespace(__name__)  # type: ignore cmd_type=elb consumer=True job_name=dev:tap-github-to-target-bigquery name=target-bigquery producer=False run_id=5c0d34cf-b19f-430c-a272-552d7d1cfcc6 stdio=stderr string_id=target-bigquery
2025-08-21T12:44:34.709831Z [info     ] METRIC: {"type": "timer", "metric": "http_request_duration", "value": 0.473285, "tags": {"stream": "repositories", "endpoint": "/repos/{org}/{repo}", "http_status_code": 200, "status": "succeeded", "context": {"org": "pandas-dev", "repo": "pandas", "repo_id": 858127}}} cmd_type=elb consumer=False job_name=dev:tap-github-to-target-bigquery name=tap-github producer=True run_id=5c0d34cf-b19f-430c-a272-552d7d1cfcc6 stdio=stderr string_id=tap-github
2025-08-21T12:44:34.710341Z [info     ] Beginning incremental sync of 'releases' with context: {'org': 'pandas-dev', 'repo': 'pandas', 'repo_id': 858127, 'has_discussions': False} cmd_type=elb consumer=False job_name=dev:tap-github-to-target-bigquery name=tap-github producer=True run_id=5c0d34cf-b19f-430c-a272-552d7d1cfcc6 stdio=stderr string_id=tap-github
2025-08-21T12:44:34.710654Z [info     ] Starting incremental sync with bookmark value: None cmd_type=elb consumer=False job_name=dev:tap-github-to-target-bigquery name=tap-github producer=True run_id=5c0d34cf-b19f-430c-a272-552d7d1cfcc6 stdio=stderr string_id=tap-github
2025-08-21T12:44:35.032395Z [info     ] Tap will run with 1 personal auth tokens and 0 app keys. cmd_type=elb consumer=False job_name=dev:tap-github-to-target-bigquery name=tap-github producer=True run_id=5c0d34cf-b19f-430c-a272-552d7d1cfcc6 stdio=stderr string_id=tap-github
2025-08-21T12:44:36.245160Z [info     ] METRIC: {"type": "timer", "metric": "http_request_duration", "value": 0.753265, "tags": {"stream": "releases", "endpoint": "/repos/{org}/{repo}/releases", "http_status_code": 200, "status": "succeeded", "context": {"org": "pandas-dev", "repo": "pandas", "repo_id": 858127, "has_discussions": false}}} cmd_type=elb consumer=False job_name=dev:tap-github-to-target-bigquery name=tap-github producer=True run_id=5c0d34cf-b19f-430c-a272-552d7d1cfcc6 stdio=stderr string_id=tap-github
2025-08-21T12:44:36.250712Z [info     ] Properties ('immutable', 'updated_at', 'reactions') were present in the 'releases' stream but not found in catalog schema. Ignoring. cmd_type=elb consumer=False job_name=dev:tap-github-to-target-bigquery name=tap-github producer=True run_id=5c0d34cf-b19f-430c-a272-552d7d1cfcc6 stdio=stderr string_id=tap-github
2025-08-21T12:44:36.252075Z [info     ] Stream is assumed to be unsorted, progress is not resumable if interrupted cmd_type=elb consumer=False job_name=dev:tap-github-to-target-bigquery name=tap-github producer=True run_id=5c0d34cf-b19f-430c-a272-552d7d1cfcc6 stdio=stderr string_id=tap-github
2025-08-21T12:44:36.255500Z [info     ] Properties ('immutable', 'updated_at') were present in the 'releases' stream but not found in catalog schema. Ignoring. cmd_type=elb consumer=False job_name=dev:tap-github-to-target-bigquery name=tap-github producer=True run_id=5c0d34cf-b19f-430c-a272-552d7d1cfcc6 stdio=stderr string_id=tap-github
2025-08-21T12:44:36.841725Z [info     ] METRIC: {"type": "timer", "metric": "http_request_duration", "value": 0.571735, "tags": {"stream": "releases", "endpoint": "/repos/{org}/{repo}/releases", "http_status_code": 200, "status": "succeeded", "context": {"org": "pandas-dev", "repo": "pandas", "repo_id": 858127, "has_discussions": false}}} cmd_type=elb consumer=False job_name=dev:tap-github-to-target-bigquery name=tap-github producer=True run_id=5c0d34cf-b19f-430c-a272-552d7d1cfcc6 stdio=stderr string_id=tap-github
2025-08-21T12:44:36.846488Z [info     ] METRIC: {"type": "counter", "metric": "http_request_count", "value": 2, "tags": {"stream": "releases", "endpoint": "/repos/{org}/{repo}/releases", "pid": 60966, "context": {"org": "pandas-dev", "repo": "pandas", "repo_id": 858127, "has_discussions": false}}} cmd_type=elb consumer=False job_name=dev:tap-github-to-target-bigquery name=tap-github producer=True run_id=5c0d34cf-b19f-430c-a272-552d7d1cfcc6 stdio=stderr string_id=tap-github
2025-08-21T12:44:36.847278Z [info     ] METRIC: {"type": "timer", "metric": "sync_duration", "value": 2.135745048522949, "tags": {"stream": "releases", "pid": 60966, "context": {"org": "pandas-dev", "repo": "pandas", "repo_id": 858127, "has_discussions": false}, "status": "succeeded"}} cmd_type=elb consumer=False job_name=dev:tap-github-to-target-bigquery name=tap-github producer=True run_id=5c0d34cf-b19f-430c-a272-552d7d1cfcc6 stdio=stderr string_id=tap-github
2025-08-21T12:44:36.847562Z [info     ] METRIC: {"type": "counter", "metric": "record_count", "value": 112, "tags": {"stream": "releases", "pid": 60966, "context": {"org": "pandas-dev", "repo": "pandas", "repo_id": 858127, "has_discussions": false}}} cmd_type=elb consumer=False job_name=dev:tap-github-to-target-bigquery name=tap-github producer=True run_id=5c0d34cf-b19f-430c-a272-552d7d1cfcc6 stdio=stderr string_id=tap-github
2025-08-21T12:44:36.847810Z [info     ] METRIC: {"type": "counter", "metric": "http_request_count", "value": 1, "tags": {"stream": "repositories", "endpoint": "/repos/{org}/{repo}", "pid": 60966, "context": {"org": "pandas-dev", "repo": "pandas", "repo_id": 858127}}} cmd_type=elb consumer=False job_name=dev:tap-github-to-target-bigquery name=tap-github producer=True run_id=5c0d34cf-b19f-430c-a272-552d7d1cfcc6 stdio=stderr string_id=tap-github
2025-08-21T12:44:36.848049Z [info     ] METRIC: {"type": "timer", "metric": "sync_duration", "value": 2.9780757427215576, "tags": {"stream": "repositories", "pid": 60966, "context": {"org": "pandas-dev", "repo": "pandas", "repo_id": 858127}, "status": "succeeded"}} cmd_type=elb consumer=False job_name=dev:tap-github-to-target-bigquery name=tap-github producer=True run_id=5c0d34cf-b19f-430c-a272-552d7d1cfcc6 stdio=stderr string_id=tap-github
2025-08-21T12:44:36.848343Z [info     ] METRIC: {"type": "counter", "metric": "record_count", "value": 0, "tags": {"stream": "repositories", "pid": 60966, "context": {"org": "pandas-dev", "repo": "pandas", "repo_id": 858127}}} cmd_type=elb consumer=False job_name=dev:tap-github-to-target-bigquery name=tap-github producer=True run_id=5c0d34cf-b19f-430c-a272-552d7d1cfcc6 stdio=stderr string_id=tap-github
2025-08-21T12:44:36.849254Z [info     ] Skipping deselected stream 'review_comments'. cmd_type=elb consumer=False job_name=dev:tap-github-to-target-bigquery name=tap-github producer=True run_id=5c0d34cf-b19f-430c-a272-552d7d1cfcc6 stdio=stderr string_id=tap-github
2025-08-21T12:44:36.849933Z [info     ] Skipping deselected stream 'reviews'. cmd_type=elb consumer=False job_name=dev:tap-github-to-target-bigquery name=tap-github producer=True run_id=5c0d34cf-b19f-430c-a272-552d7d1cfcc6 stdio=stderr string_id=tap-github
2025-08-21T12:44:36.851996Z [info     ] Skipping deselected stream 'stargazers'. cmd_type=elb consumer=False job_name=dev:tap-github-to-target-bigquery name=tap-github producer=True run_id=5c0d34cf-b19f-430c-a272-552d7d1cfcc6 stdio=stderr string_id=tap-github
2025-08-21T12:44:36.852552Z [info     ] Skipping deselected stream 'stargazers_rest'. cmd_type=elb consumer=False job_name=dev:tap-github-to-target-bigquery name=tap-github producer=True run_id=5c0d34cf-b19f-430c-a272-552d7d1cfcc6 stdio=stderr string_id=tap-github
2025-08-21T12:44:36.852820Z [info     ] Skipping deselected stream 'stats_contributors'. cmd_type=elb consumer=False job_name=dev:tap-github-to-target-bigquery name=tap-github producer=True run_id=5c0d34cf-b19f-430c-a272-552d7d1cfcc6 stdio=stderr string_id=tap-github
2025-08-21T12:44:36.853252Z [info     ] Skipping deselected stream 'tags'. cmd_type=elb consumer=False job_name=dev:tap-github-to-target-bigquery name=tap-github producer=True run_id=5c0d34cf-b19f-430c-a272-552d7d1cfcc6 stdio=stderr string_id=tap-github
2025-08-21T12:44:36.853528Z [info     ] Skipping deselected stream 'traffic_clones'. cmd_type=elb consumer=False job_name=dev:tap-github-to-target-bigquery name=tap-github producer=True run_id=5c0d34cf-b19f-430c-a272-552d7d1cfcc6 stdio=stderr string_id=tap-github
2025-08-21T12:44:36.853778Z [info     ] Skipping deselected stream 'traffic_pageviews'. cmd_type=elb consumer=False job_name=dev:tap-github-to-target-bigquery name=tap-github producer=True run_id=5c0d34cf-b19f-430c-a272-552d7d1cfcc6 stdio=stderr string_id=tap-github
2025-08-21T12:44:36.854020Z [info     ] Skipping deselected stream 'traffic_referral_paths'. cmd_type=elb consumer=False job_name=dev:tap-github-to-target-bigquery name=tap-github producer=True run_id=5c0d34cf-b19f-430c-a272-552d7d1cfcc6 stdio=stderr string_id=tap-github
2025-08-21T12:44:36.854334Z [info     ] Skipping deselected stream 'traffic_referrers'. cmd_type=elb consumer=False job_name=dev:tap-github-to-target-bigquery name=tap-github producer=True run_id=5c0d34cf-b19f-430c-a272-552d7d1cfcc6 stdio=stderr string_id=tap-github
2025-08-21T12:44:36.854739Z [info     ] Skipping deselected stream 'workflow_run_jobs'. cmd_type=elb consumer=False job_name=dev:tap-github-to-target-bigquery name=tap-github producer=True run_id=5c0d34cf-b19f-430c-a272-552d7d1cfcc6 stdio=stderr string_id=tap-github
2025-08-21T12:44:36.855151Z [info     ] Skipping deselected stream 'workflow_runs'. cmd_type=elb consumer=False job_name=dev:tap-github-to-target-bigquery name=tap-github producer=True run_id=5c0d34cf-b19f-430c-a272-552d7d1cfcc6 stdio=stderr string_id=tap-github
2025-08-21T12:44:36.855440Z [info     ] Skipping deselected stream 'workflows'. cmd_type=elb consumer=False job_name=dev:tap-github-to-target-bigquery name=tap-github producer=True run_id=5c0d34cf-b19f-430c-a272-552d7d1cfcc6 stdio=stderr string_id=tap-github
2025-08-21T12:44:36.855695Z [info     ] Total Sync costs for stream releases: {'rest': 2, 'graphql': 0, 'search': 0} cmd_type=elb consumer=False job_name=dev:tap-github-to-target-bigquery name=tap-github producer=True run_id=5c0d34cf-b19f-430c-a272-552d7d1cfcc6 stdio=stderr string_id=tap-github
2025-08-21T12:44:36.855992Z [info     ] Total Sync costs for stream repositories: {'rest': 1, 'graphql': 0, 'search': 0} cmd_type=elb consumer=False job_name=dev:tap-github-to-target-bigquery name=tap-github producer=True run_id=5c0d34cf-b19f-430c-a272-552d7d1cfcc6 stdio=stderr string_id=tap-github
2025-08-21T12:44:39.444469Z [info     ] Using thread-based parallelism cmd_type=elb consumer=True job_name=dev:tap-github-to-target-bigquery name=target-bigquery producer=False run_id=5c0d34cf-b19f-430c-a272-552d7d1cfcc6 stdio=stderr string_id=target-bigquery
2025-08-21T12:44:39.444776Z [info     ] Target 'target-bigquery' is listening for input from tap. cmd_type=elb consumer=True job_name=dev:tap-github-to-target-bigquery name=target-bigquery producer=False run_id=5c0d34cf-b19f-430c-a272-552d7d1cfcc6 stdio=stderr string_id=target-bigquery
2025-08-21T12:44:39.444912Z [info     ] Initializing 'target-bigquery' target sink... cmd_type=elb consumer=True job_name=dev:tap-github-to-target-bigquery name=target-bigquery producer=False run_id=5c0d34cf-b19f-430c-a272-552d7d1cfcc6 stdio=stderr string_id=target-bigquery
2025-08-21T12:44:39.445009Z [info     ] Initializing target sink for stream 'releases'... cmd_type=elb consumer=True job_name=dev:tap-github-to-target-bigquery name=target-bigquery producer=False run_id=5c0d34cf-b19f-430c-a272-552d7d1cfcc6 stdio=stderr string_id=target-bigquery
2025-08-21T12:44:45.789299Z [info     ] Setting up releases            cmd_type=elb consumer=True job_name=dev:tap-github-to-target-bigquery name=target-bigquery producer=False run_id=5c0d34cf-b19f-430c-a272-552d7d1cfcc6 stdio=stderr string_id=target-bigquery
2025-08-21T12:44:45.798072Z [info     ] Target 'target-bigquery' completed reading 116 lines of input (112 records, (0 batch manifests, 3 state messages). cmd_type=elb consumer=True job_name=dev:tap-github-to-target-bigquery name=target-bigquery producer=False run_id=5c0d34cf-b19f-430c-a272-552d7d1cfcc6 stdio=stderr string_id=target-bigquery
2025-08-21T12:44:45.798499Z [info     ] Adding worker a6d443ffa76b49359d596954f59df7ff cmd_type=elb consumer=True job_name=dev:tap-github-to-target-bigquery name=target-bigquery producer=False run_id=5c0d34cf-b19f-430c-a272-552d7d1cfcc6 stdio=stderr string_id=target-bigquery
2025-08-21T12:44:51.744531Z [info     ] Cleaning up releases           cmd_type=elb consumer=True job_name=dev:tap-github-to-target-bigquery name=target-bigquery producer=False run_id=5c0d34cf-b19f-430c-a272-552d7d1cfcc6 stdio=stderr string_id=target-bigquery
2025-08-21T12:44:51.745664Z [info     ] Emitting completed target state {"bookmarks": {"tempStream": {}, "repositories": {"partitions": [{"context": {"org": "pandas-dev", "repo": "pandas", "repo_id": 858127}}]}, "releases": {"partitions": [{"context": {"org": "pandas-dev", "repo": "pandas"}, "replication_key": "created_at", "replication_key_value": "2025-08-21T08:43:24Z"}]}}} cmd_type=elb consumer=True job_name=dev:tap-github-to-target-bigquery name=target-bigquery producer=False run_id=5c0d34cf-b19f-430c-a272-552d7d1cfcc6 stdio=stderr string_id=target-bigquery
2025-08-21T12:44:51.765199Z [info     ] Using systemdb state backend
2025-08-21T12:44:51.771759Z [info     ] Incremental state has been updated at 2025-08-21 12:44:51.771728+00:00.
2025-08-21T12:44:51.862975Z [info     ] Block run completed.           block_type=ExtractLoadBlocks err=None set_number=0 success=True
